[Wed Mar 25 04:51:25 PM EDT 2026] === Starting generation run ===
[Wed Mar 25 04:51:25 PM EDT 2026] Keyword: best AI bookkeeping software for small business
[Wed Mar 25 04:51:25 PM EDT 2026] Generating title...
[Wed Mar 25 04:51:37 PM EDT 2026] Title: "Best Cloud-Based AI Bookkeeping Software for Small Businesses in 2024: Streamlining Financial Management with Automated Insights and Predictive Analytics"
[Wed Mar 25 04:51:37 PM EDT 2026] Generating article body...
[Wed Mar 25 04:53:51 PM EDT 2026] Saved: ./content/posts/2026-03-25-best-ai-bookkeeping-software-for-small-business.md
[Wed Mar 25 04:53:51 PM EDT 2026] === Run complete ===
[Thu Mar 26 01:11:04 AM EDT 2026] === Starting generation run ===
[Thu Mar 26 01:11:04 AM EDT 2026] Keyword: AI CRM for small business owners
[Thu Mar 26 01:11:04 AM EDT 2026] Generating title...
[Thu Mar 26 01:11:17 AM EDT 2026] Title: Best AI-Powered CRM Solutions for Small Business Owners in 2026 to Boost Efficiency and Customer Engagement.
[Thu Mar 26 01:11:17 AM EDT 2026] Generating article body...
[Thu Mar 26 01:13:14 AM EDT 2026] Saved: ./content/posts/2026-03-26-ai-crm-for-small-business-owners.md
[Thu Mar 26 01:13:14 AM EDT 2026] === Run complete ===
[Thu Mar 26 02:00:01 AM EDT 2026] === Starting generation run ===
[Thu Mar 26 02:00:01 AM EDT 2026] === Starting generation run ===
[Thu Mar 26 02:00:01 AM EDT 2026] Keyword: AI invoice generator small business
[Thu Mar 26 02:00:01 AM EDT 2026] Keyword: AI invoice generator small business
[Thu Mar 26 02:00:01 AM EDT 2026] Generating title...
[Thu Mar 26 02:00:01 AM EDT 2026] Generating title...
[Thu Mar 26 02:00:07 AM EDT 2026] === Starting generation run ===
[Thu Mar 26 02:00:07 AM EDT 2026] === Starting generation run ===
[Thu Mar 26 02:00:07 AM EDT 2026] Keyword: AI invoice generator small business
[Thu Mar 26 02:00:07 AM EDT 2026] Keyword: AI invoice generator small business
[Thu Mar 26 02:00:07 AM EDT 2026] Generating title...
[Thu Mar 26 02:00:07 AM EDT 2026] Generating title...
[Thu Mar 26 02:00:14 AM EDT 2026] Title: Best AI-Powered Invoice Generators for Small Businesses in 2026: Streamlining Finances and Boosting Productivity
[Thu Mar 26 02:00:14 AM EDT 2026] Title: Best AI-Powered Invoice Generators for Small Businesses in 2026: Streamlining Finances and Boosting Productivity
[Thu Mar 26 02:00:14 AM EDT 2026] Generating article body...
[Thu Mar 26 02:00:14 AM EDT 2026] Generating article body...
[Thu Mar 26 02:00:18 AM EDT 2026] Title: Best AI Invoice Generators for Small Businesses in 2026: Streamlining Financial Processes and Boosting Productivity
[Thu Mar 26 02:00:18 AM EDT 2026] Title: Best AI Invoice Generators for Small Businesses in 2026: Streamlining Financial Processes and Boosting Productivity
[Thu Mar 26 02:00:18 AM EDT 2026] Generating article body...
[Thu Mar 26 02:00:18 AM EDT 2026] Generating article body...
[Thu Mar 26 02:02:27 AM EDT 2026] Saved: ./content/posts/2026-03-26-ai-invoice-generator-small-business.md
[Thu Mar 26 02:02:27 AM EDT 2026] Saved: ./content/posts/2026-03-26-ai-invoice-generator-small-business.md
[Thu Mar 26 02:02:27 AM EDT 2026] === Run complete ===
[Thu Mar 26 02:02:27 AM EDT 2026] === Run complete ===
[Thu Mar 26 02:04:13 AM EDT 2026] Saved: ./content/posts/2026-03-26-ai-invoice-generator-small-business.md
[Thu Mar 26 02:04:13 AM EDT 2026] Saved: ./content/posts/2026-03-26-ai-invoice-generator-small-business.md
[Thu Mar 26 02:04:13 AM EDT 2026] === Run complete ===
[Thu Mar 26 02:04:13 AM EDT 2026] === Run complete ===
[Thu Mar 26 02:30:01 AM EDT 2026] Building Hugo site...
[Thu Mar 26 02:30:01 AM EDT 2026] Building Hugo site...
Start building sites … 
hugo v0.123.7+extended linux/amd64 BuildDate=2025-07-18T03:41:49Z VendorInfo=ubuntu:0.123.7-1ubuntu0.3

Start building sites … 
hugo v0.123.7+extended linux/amd64 BuildDate=2025-07-18T03:41:49Z VendorInfo=ubuntu:0.123.7-1ubuntu0.3



                    | EN                    | EN  
-------------------+
-------------------+-----
 -----
   Pages           Pages            |  | 23  23  
  
  Paginator pages  Paginator pages  |  0 |  0  
   
  Non-page files   Non-page files   |  0|  0    
  
  Static files     Static files     |  1|  1    
  
  Processed images Processed images |  0|  0    
  
  Aliases          Aliases          |  0|  0    
  
  Cleaned          Cleaned          |  0|  0    



Total in 20 ms
Total in 20 ms
[Thu Mar 26 02:30:01 AM EDT 2026] Pushing to GitHub...
[Thu Mar 26 02:30:01 AM EDT 2026] Pushing to GitHub...
[master 31b6e10] content: nightly build 2026-03-26
 19 files changed, 96 insertions(+), 70 deletions(-)
To https://github.com/Spok-Rok-The-Blok/spok-rok-the-blok.github.io.git
   cd52df9..31b6e10  master -> master
To https://github.com/Spok-Rok-The-Blok/spok-rok-the-blok.github.io.git
   cd52df9..31b6e10  master -> master
[Thu Mar 26 02:30:03 AM EDT 2026] Deploy complete.
[Thu Mar 26 02:30:03 AM EDT 2026] Deploy complete.
[Thu Mar 26 02:30:07 AM EDT 2026] Building Hugo site...
[Thu Mar 26 02:30:07 AM EDT 2026] Building Hugo site...
Start building sites … 
Start building sites … 
hugo v0.123.7+extended linux/amd64 BuildDate=2025-07-18T03:41:49Z VendorInfo=ubuntu:0.123.7-1ubuntu0.3

hugo v0.123.7+extended linux/amd64 BuildDate=2025-07-18T03:41:49Z VendorInfo=ubuntu:0.123.7-1ubuntu0.3



                    |                  | EN  
- EN  
-------------------+------------------+-----
-----
    Pages            |Pages            |  23 23  
  
   Paginator pages  |Paginator pages  |  0  0  
  
    Non-page files   Non-page files   |  0  |  0  
  
  Static files     | Static files     |  1  
 1  
    Processed images |Processed images |  0    0  
  
  Aliases          |Aliases          |  0   0  
  
   Cleaned          Cleaned          |  0|  0  
  


Total in 19 ms
Total in 19 ms
[Thu Mar 26 02:30:07 AM EDT 2026] Pushing to GitHub...
[Thu Mar 26 02:30:07 AM EDT 2026] Pushing to GitHub...
[master 4f2925e] content: nightly build 2026-03-26
 1 file changed, 42 insertions(+)
To https://github.com/Spok-Rok-The-Blok/spok-rok-the-blok.github.io.git
   31b6e10..4f2925e  master -> master
To https://github.com/Spok-Rok-The-Blok/spok-rok-the-blok.github.io.git
   31b6e10..4f2925e  master -> master
[Thu Mar 26 02:30:08 AM EDT 2026] Deploy complete.
[Thu Mar 26 02:30:08 AM EDT 2026] Deploy complete.
[Fri Mar 27 02:00:01 AM EDT 2026] === Starting generation run ===
[Fri Mar 27 02:00:01 AM EDT 2026] === Starting generation run ===
[Fri Mar 27 02:00:01 AM EDT 2026] Keyword: AI email marketing automation for small business
[Fri Mar 27 02:00:01 AM EDT 2026] Keyword: AI email marketing automation for small business
[Fri Mar 27 02:00:01 AM EDT 2026] Generating title...
[Fri Mar 27 02:00:01 AM EDT 2026] Generating title...
[Fri Mar 27 02:00:03 AM EDT 2026] === Starting generation run ===
[Fri Mar 27 02:00:03 AM EDT 2026] === Starting generation run ===
[Fri Mar 27 02:00:03 AM EDT 2026] Keyword: AI email marketing automation for small business
[Fri Mar 27 02:00:03 AM EDT 2026] Keyword: AI email marketing automation for small business
[Fri Mar 27 02:00:03 AM EDT 2026] Generating title...
[Fri Mar 27 02:00:03 AM EDT 2026] Generating title...
[Fri Mar 27 02:00:13 AM EDT 2026] Title: "Top AI Email Marketing Automation Tools for Small Businesses in 2026: Boosting Sales and Efficiency"
[Fri Mar 27 02:00:13 AM EDT 2026] Title: "Top AI Email Marketing Automation Tools for Small Businesses in 2026: Boosting Sales and Efficiency"
[Fri Mar 27 02:00:13 AM EDT 2026] Generating article body...
[Fri Mar 27 02:00:13 AM EDT 2026] Generating article body...
[Fri Mar 27 02:00:17 AM EDT 2026] Title: Best AI-Powered Email Marketing Automation Tools for Small Businesses in 2026 to Boost Efficiency and Sales
[Fri Mar 27 02:00:17 AM EDT 2026] Title: Best AI-Powered Email Marketing Automation Tools for Small Businesses in 2026 to Boost Efficiency and Sales
[Fri Mar 27 02:00:17 AM EDT 2026] Generating article body...
[Fri Mar 27 02:00:17 AM EDT 2026] Generating article body...
[Fri Mar 27 02:02:13 AM EDT 2026] Saved: ./content/posts/2026-03-27-ai-email-marketing-automation-for-small-business.md
[Fri Mar 27 02:02:13 AM EDT 2026] Saved: ./content/posts/2026-03-27-ai-email-marketing-automation-for-small-business.md
[Fri Mar 27 02:02:13 AM EDT 2026] === Run complete ===
[Fri Mar 27 02:02:13 AM EDT 2026] === Run complete ===
[Fri Mar 27 02:04:31 AM EDT 2026] Saved: ./content/posts/2026-03-27-ai-email-marketing-automation-for-small-business.md
[Fri Mar 27 02:04:31 AM EDT 2026] Saved: ./content/posts/2026-03-27-ai-email-marketing-automation-for-small-business.md
[Fri Mar 27 02:04:31 AM EDT 2026] === Run complete ===
[Fri Mar 27 02:04:31 AM EDT 2026] === Run complete ===
[Fri Mar 27 02:04:59 AM EDT 2026] Checking product article queue...
[Fri Mar 27 02:04:59 AM EDT 2026] Checking product article queue...
[Fri Mar 27 02:04:59 AM EDT 2026] === Checking product article queue ===
[Fri Mar 27 02:04:59 AM EDT 2026] === Checking product article queue ===
[Fri Mar 27 02:04:59 AM EDT 2026] === Checking product article queue ===
[Fri Mar 27 02:04:59 AM EDT 2026] Publishing: product-article-30-ai-prompts-coaches-therapists.md
[Fri Mar 27 02:04:59 AM EDT 2026] Publishing: product-article-30-ai-prompts-coaches-therapists.md
[Fri Mar 27 02:04:59 AM EDT 2026] Publishing: product-article-30-ai-prompts-coaches-therapists.md
[Fri Mar 27 02:04:59 AM EDT 2026] Published: /home/charlie/.openclaw/workspace/blog/content/posts/2026-03-27-ai-prompts-coaches-therapists.md
[Fri Mar 27 02:04:59 AM EDT 2026] Published: /home/charlie/.openclaw/workspace/blog/content/posts/2026-03-27-ai-prompts-coaches-therapists.md
[Fri Mar 27 02:04:59 AM EDT 2026] Published: /home/charlie/.openclaw/workspace/blog/content/posts/2026-03-27-ai-prompts-coaches-therapists.md
State updated
State updated
[Fri Mar 27 02:05:00 AM EDT 2026] Queue: 29 articles remaining
[Fri Mar 27 02:05:00 AM EDT 2026] Queue: 29 articles remaining
[Fri Mar 27 02:05:00 AM EDT 2026] Queue: 29 articles remaining
[Fri Mar 27 02:05:00 AM EDT 2026] PUBLISHED_ARTICLE: /home/charlie/.openclaw/workspace/blog/content/posts/2026-03-27-ai-prompts-coaches-therapists.md
[Fri Mar 27 02:05:00 AM EDT 2026] PUBLISHED_ARTICLE: /home/charlie/.openclaw/workspace/blog/content/posts/2026-03-27-ai-prompts-coaches-therapists.md
[Fri Mar 27 02:05:00 AM EDT 2026] PUBLISHED_ARTICLE: /home/charlie/.openclaw/workspace/blog/content/posts/2026-03-27-ai-prompts-coaches-therapists.md
[Fri Mar 27 02:05:00 AM EDT 2026] Building Hugo site...
[Fri Mar 27 02:05:00 AM EDT 2026] Building Hugo site...
Start building sites … 
Start building sites … 
hugo v0.123.7+extended linux/amd64 BuildDate=2025-07-18T03:41:49Z VendorInfo=ubuntu:0.123.7-1ubuntu0.3

hugo v0.123.7+extended linux/amd64 BuildDate=2025-07-18T03:41:49Z VendorInfo=ubuntu:0.123.7-1ubuntu0.3



                   |                   | EN  
-------------------+-----
  EN  
-------------------+-----
   Pages           Pages            |  | 37 37  
   
  Paginator pages  | Paginator pages  |  0  
   0  
  Non-page files   | Non-page files   |  0  
  0  
   Static files     |  1Static files     |  1  
    
  Processed images | Processed images |  0  
  0  
   Aliases         Aliases          |  |  0  
  0  
   Cleaned          | Cleaned          |  0  
 0  

Total in 60 ms

Total in 60 ms
[Fri Mar 27 02:05:00 AM EDT 2026] Pushing to GitHub...
[Fri Mar 27 02:05:00 AM EDT 2026] Pushing to GitHub...
