[Fri Mar 27 09:48:03 PM EDT 2026] === Trend scanner starting ===
[Fri Mar 27 09:48:06 PM EDT 2026] Trend corpus: 111 words
[Fri Mar 27 09:48:06 PM EDT 2026] Scoring complete
[Fri Mar 27 09:48:06 PM EDT 2026] TRENDING: Promoted 'product-article-04-20-ai-agent-workflows.md' (score: 5, keywords: agent)
[Fri Mar 27 09:48:06 PM EDT 2026] === Trend scanner done ===
[Sat Mar 28 05:50:03 AM EDT 2026] === Trend scanner starting ===
[Sat Mar 28 05:50:04 AM EDT 2026] Trend corpus: 111 words
[Sat Mar 28 05:50:04 AM EDT 2026] Scoring complete
[Sat Mar 28 05:50:04 AM EDT 2026] === Trend scanner done ===
[Sun Mar 29 09:08:20 PM EDT 2026] === Trend scanner starting ===
[Sun Mar 29 09:08:23 PM EDT 2026] Trend corpus: 146 words
[Sun Mar 29 09:08:23 PM EDT 2026] Scoring complete
[Sun Mar 29 09:08:23 PM EDT 2026] TRENDING: Promoted 'product-article-14-youtube-content-creator-toolkit.md' (score: 2, keywords: youtube, video)
[Sun Mar 29 09:08:23 PM EDT 2026] === Trend scanner done ===
[Mon Mar 30 05:50:03 AM EDT 2026] === Trend scanner starting ===
[Mon Mar 30 05:50:05 AM EDT 2026] Trend corpus: 141 words
[Mon Mar 30 05:50:05 AM EDT 2026] Scoring complete
[Mon Mar 30 05:50:05 AM EDT 2026] TRENDING: Promoted 'product-article-06-openclaw-quickstart-guide.md' (score: 2, keywords: ai agent)
[Mon Mar 30 05:50:05 AM EDT 2026] === Trend scanner done ===
[Tue Mar 31 05:50:05 AM EDT 2026] === Trend scanner starting ===
[Tue Mar 31 05:50:07 AM EDT 2026] Trend corpus: 105 words
[Tue Mar 31 05:50:07 AM EDT 2026] Scoring complete
[Tue Mar 31 05:50:07 AM EDT 2026] TRENDING: Promoted 'product-article-18-instagram-growth-templates.md' (score: 2, keywords: social)
[Tue Mar 31 05:50:07 AM EDT 2026] === Trend scanner done ===
